c:\users\владик\desktop\проги\rkiv\rkiv\debug\vc141.pdb
c:\users\владик\desktop\проги\rkiv\rkiv\debug\test.obj
c:\users\владик\desktop\проги\rkiv\rkiv\debug\myform.obj
c:\users\владик\desktop\проги\rkiv\rkiv\debug\.netframework,version=v4.5.2.assemblyattributes.obj
c:\users\владик\desktop\проги\rkiv\rkiv\debug\.netframework,version=v4.5.2.assemblyattributes.asm
c:\users\владик\desktop\проги\rkiv\debug\rkiv.exe
c:\users\владик\desktop\проги\rkiv\debug\rkiv.pdb
c:\users\владик\desktop\проги\rkiv\rkiv\debug\rkiv.tlog\metagen.write.1.tlog
c:\users\владик\desktop\проги\rkiv\debug\zedgraph.dll
c:\users\владик\desktop\проги\rkiv\debug\zedgraph.xml
c:\users\владик\desktop\проги\rkiv\debug\de\zedgraph.resources.dll
c:\users\владик\desktop\проги\rkiv\debug\es\zedgraph.resources.dll
c:\users\владик\desktop\проги\rkiv\debug\fr\zedgraph.resources.dll
c:\users\владик\desktop\проги\rkiv\debug\hu\zedgraph.resources.dll
c:\users\владик\desktop\проги\rkiv\debug\it\zedgraph.resources.dll
c:\users\владик\desktop\проги\rkiv\debug\ja\zedgraph.resources.dll
c:\users\владик\desktop\проги\rkiv\debug\pt\zedgraph.resources.dll
c:\users\владик\desktop\проги\rkiv\debug\ru\zedgraph.resources.dll
c:\users\владик\desktop\проги\rkiv\debug\sk\zedgraph.resources.dll
c:\users\владик\desktop\проги\rkiv\debug\sv\zedgraph.resources.dll
c:\users\владик\desktop\проги\rkiv\debug\tr\zedgraph.resources.dll
c:\users\владик\desktop\проги\rkiv\debug\zh-cn\zedgraph.resources.dll
c:\users\владик\desktop\проги\rkiv\debug\zh-tw\zedgraph.resources.dll
c:\users\владик\desktop\проги\тер вер\лаб 1\лаб1\rkiv\debug\rkiv.vcxprojassemblyreference.cache
c:\users\владик\desktop\проги\тер вер\лаб 1\лаб1\rkiv\debug\.netframework,version=v4.5.2.assemblyattributes.obj
c:\users\владик\desktop\проги\тер вер\лаб 1\лаб1\rkiv\debug\myform.obj
c:\users\владик\desktop\проги\тер вер\лаб 1\лаб1\rkiv\debug\test.obj
c:\users\владик\desktop\проги\тер вер\лаб 1\лаб1\rkiv\debug\vc141.pdb
c:\users\владик\desktop\проги\тер вер\лаб 1\лаб1\debug\rkiv.pdb
c:\users\владик\desktop\проги\тер вер\лаб 1\лаб1\debug\rkiv.exe
c:\users\владик\desktop\проги\тер вер\лаб 1\лаб1\rkiv\debug\rkiv.tlog\cl.command.1.tlog
c:\users\владик\desktop\проги\тер вер\лаб 1\лаб1\rkiv\debug\rkiv.tlog\cl.read.1.tlog
c:\users\владик\desktop\проги\тер вер\лаб 1\лаб1\rkiv\debug\rkiv.tlog\cl.write.1.tlog
c:\users\владик\desktop\проги\тер вер\лаб 1\лаб1\rkiv\debug\rkiv.tlog\link.command.1.tlog
c:\users\владик\desktop\проги\тер вер\лаб 1\лаб1\rkiv\debug\rkiv.tlog\link.read.1.tlog
c:\users\владик\desktop\проги\тер вер\лаб 1\лаб1\rkiv\debug\rkiv.tlog\link.write.1.tlog
c:\users\владик\desktop\проги\тер вер\лаб 1\лаб1\rkiv\debug\rkiv.tlog\metagen.read.1.tlog
c:\users\владик\desktop\проги\тер вер\лаб 1\лаб1\rkiv\debug\rkiv.tlog\metagen.write.1.tlog
c:\users\владик\desktop\проги\тер вер\лаб 1\лаб1\rkiv\debug\rkiv.tlog\rkiv.write.1u.tlog
c:\users\владик\desktop\проги\тер вер\лаб 1\лаб1\rkiv\debug\rkiv.tlog\zedgraph.dll.metagen
c:\users\владик\desktop\проги\тер вер\лаб 1\лаб1\rkiv\debug\rkiv.tlog\tzres.dll.bi
